<?xml version="1.0" encoding="UTF-8" standalone="yes" ?>
<test-results name="C:\dev\pentagon\Win32\Debug\pPentagonTest.exe" total="2" errors="0" failures="0" ignored="0" inconclusive="0" not-run="0" skipped="0" invalid="0" date="2024-10-27" time="0.019">
  <culture-info current-culture="en" current-uiculture="en" />
  <test-suite type="Assembly" name="pPentagonTest.exe" executed="true" result="Success" success="True" time="0.019" asserts="0">
    <results>
        <test-suite type="Namespace" name="uPentagonTest" executed="true" result="Success" success="True" time="0.019" asserts="0" >
          <results>
              <test-suite type="Fixture" name="TPentagonTest" executed="True" result="Success" success="True" time="0.019" >
                <results>
                  <test-case name="TestCalculate.Entrada de 2 = 6" executed="True" result="Success" success="True" time="0.000" asserts="0" />
                  <test-case name="TestCalculate.Entrada de 5 = 51" executed="True" result="Success" success="True" time="0.000" asserts="0" />
                </results>
              </test-suite>
          </results>
        </test-suite>
    </results>
  </test-suite>
</test-results>
